Mono path[0] = 'C:/Users/Siew Jun Leong/Desktop/mj-fyp/mjfixed/MJ_Data/Managed'
Mono config path = 'C:/Users/Siew Jun Leong/Desktop/mj-fyp/mjfixed/MonoBleedingEdge/etc'
Initialize engine version: 2019.4.11f1 (2d9804dddde7)
[Subsystems] Discovering subsystems at path C:/Users/Siew Jun Leong/Desktop/mj-fyp/mjfixed/MJ_Data/UnitySubsystems
GfxDevice: creating device client; threaded=1
Direct3D:
    Version:  Direct3D 11.0 [level 11.1]
    Renderer: NVIDIA GeForce GTX 1060 (ID=0x1c20)
    Vendor:   
    VRAM:     6052 MB
    Driver:   27.21.14.5643
Begin MonoManager ReloadAssembly
- Completed reload, in  0.300 seconds
D3D11 device created for Microsoft Media Foundation video decoding.
<RI> Initializing input.
<RI> Input initialized.
<RI> Initialized touch support.
UnloadTime: 0.888000 ms
Fallback handler could not load library C:/Users/Siew Jun Leong/Desktop/mj-fyp/mjfixed/MJ_Data/Mono/libcoreclr.so
Fallback handler could not load library C:/Users/Siew Jun Leong/Desktop/mj-fyp/mjfixed/MJ_Data/Mono/libcoreclr.so.dll
Fallback handler could not load library C:/Users/Siew Jun Leong/Desktop/mj-fyp/mjfixed/MJ_Data/Mono/libcoreclr.so
Fallback handler could not load library C:/Users/Siew Jun Leong/Desktop/mj-fyp/mjfixed/MJ_Data/Mono/libdl.so
Fallback handler could not load library C:/Users/Siew Jun Leong/Desktop/mj-fyp/mjfixed/MJ_Data/Mono/libdl.so.dll
Fallback handler could not load library C:/Users/Siew Jun Leong/Desktop/mj-fyp/mjfixed/MJ_Data/Mono/libdl.so
Fallback handler could not load library C:/Users/Siew Jun Leong/Desktop/mj-fyp/mjfixed/MJ_Data/Mono/libSystem.dylib
Fallback handler could not load library C:/Users/Siew Jun Leong/Desktop/mj-fyp/mjfixed/MJ_Data/Mono/libSystem.dylib.dll
Fallback handler could not load library C:/Users/Siew Jun Leong/Desktop/mj-fyp/mjfixed/MJ_Data/Mono/libSystem.dylib
Fallback handler could not load library C:/Users/Siew Jun Leong/Desktop/mj-fyp/mjfixed/MJ_Data/Mono/libcoreclr.so
Fallback handler could not load library C:/Users/Siew Jun Leong/Desktop/mj-fyp/mjfixed/MJ_Data/Mono/libcoreclr.so.dll
Fallback handler could not load library C:/Users/Siew Jun Leong/Desktop/mj-fyp/mjfixed/MJ_Data/Mono/libcoreclr.so
Fallback handler could not load library C:/Users/Siew Jun Leong/Desktop/mj-fyp/mjfixed/MJ_Data/Mono/libdl.so
Fallback handler could not load library C:/Users/Siew Jun Leong/Desktop/mj-fyp/mjfixed/MJ_Data/Mono/libdl.so.dll
Fallback handler could not load library C:/Users/Siew Jun Leong/Desktop/mj-fyp/mjfixed/MJ_Data/Mono/libdl.so
Fallback handler could not load library C:/Users/Siew Jun Leong/Desktop/mj-fyp/mjfixed/MJ_Data/Mono/libSystem.dylib
Fallback handler could not load library C:/Users/Siew Jun Leong/Desktop/mj-fyp/mjfixed/MJ_Data/Mono/libSystem.dylib.dll
Fallback handler could not load library C:/Users/Siew Jun Leong/Desktop/mj-fyp/mjfixed/MJ_Data/Mono/libSystem.dylib
WARNING: The communication API versions between Unity and python differ at the minor version level. Python API: 1.3.0, Unity API: 1.0.0 Python Library Version: 0.23.0 .
This means that some features may not work unless you upgrade the package with the lower version.Please find the versions that work best together from our release page.
https://github.com/Unity-Technologies/ml-agents/releases 
(Filename: C:\buildslave\unity\build\Runtime/Export/Debug/Debug.bindings.h Line: 35)

Python package version (0.23.0) is out of the supported range or not from an official release. It is strongly recommended that you use a Python package between 0.16.1 and 0.20.0. Training will proceed, but the output format may be different. 
(Filename: C:\buildslave\unity\build\Runtime/Export/Debug/Debug.bindings.h Line: 35)

TILESET: 01, 05, 16, 21, 07, 12, 26, 00, 19, 28, 08, 14, 14, 27, 15, 18, 03, 04, 28, 20, 04, 21, 03, 03, 33, 25, 23, 15, 27, 01, 14, 20, 26, 23, 28, 10, 33, 25, 08, 01, 10, 27, 18, 24, 02, 08, 17, 07, 03, 17, 02, 12, 33, 05, 32, 09, 18, 13, 09, 19, 30, 23, 15, 26, 11, 28, 13, 06, 30, 00, 32, 17, 15, 14, 29, 05, 01, 07, 20, 09, 22, 16, 24, 06, 21, 31, 12, 18, 07, 09, 17, 25, 11, 16, 22, 02, 22, 12, 24, 19, 29, 33, 10, 31, 22, 30, 30, 10, 06, 29, 02, 13, 11, 04, 06, 00, 08, 26, 32, 20, 13, 32, 27, 24, 19, 16, 31, 11, 05, 23, 00, 04, 29, 31, 21, 25 
(Filename: C:\buildslave\unity\build\Runtime/Export/Debug/Debug.bindings.h Line: 35)

DEAL0 
(Filename: C:\buildslave\unity\build\Runtime/Export/Debug/Debug.bindings.h Line: 35)

01 to player 1 container 
(Filename: C:\buildslave\unity\build\Runtime/Export/Debug/Debug.bindings.h Line: 35)

P1Tiles 
(Filename: C:\buildslave\unity\build\Runtime/Export/Debug/Debug.bindings.h Line: 35)

DEAL1 
(Filename: C:\buildslave\unity\build\Runtime/Export/Debug/Debug.bindings.h Line: 35)

05 to player 2 container 
(Filename: C:\buildslave\unity\build\Runtime/Export/Debug/Debug.bindings.h Line: 35)

DEAL2 
(Filename: C:\buildslave\unity\build\Runtime/Export/Debug/Debug.bindings.h Line: 35)

16 to player 3 container 
(Filename: C:\buildslave\unity\build\Runtime/Export/Debug/Debug.bindings.h Line: 35)

DEAL3 
(Filename: C:\buildslave\unity\build\Runtime/Export/Debug/Debug.bindings.h Line: 35)

21 to player 4 container 
(Filename: C:\buildslave\unity\build\Runtime/Export/Debug/Debug.bindings.h Line: 35)

DEAL4 
(Filename: C:\buildslave\unity\build\Runtime/Export/Debug/Debug.bindings.h Line: 35)

07 to player 1 container 
(Filename: C:\buildslave\unity\build\Runtime/Export/Debug/Debug.bindings.h Line: 35)

P1Tiles 
(Filename: C:\buildslave\unity\build\Runtime/Export/Debug/Debug.bindings.h Line: 35)

DEAL5 
(Filename: C:\buildslave\unity\build\Runtime/Export/Debug/Debug.bindings.h Line: 35)

12 to player 2 container 
(Filename: C:\buildslave\unity\build\Runtime/Export/Debug/Debug.bindings.h Line: 35)

DEAL6 
(Filename: C:\buildslave\unity\build\Runtime/Export/Debug/Debug.bindings.h Line: 35)

26 to player 3 container 
(Filename: C:\buildslave\unity\build\Runtime/Export/Debug/Debug.bindings.h Line: 35)

DEAL7 
(Filename: C:\buildslave\unity\build\Runtime/Export/Debug/Debug.bindings.h Line: 35)

00 to player 4 container 
(Filename: C:\buildslave\unity\build\Runtime/Export/Debug/Debug.bindings.h Line: 35)

DEAL8 
(Filename: C:\buildslave\unity\build\Runtime/Export/Debug/Debug.bindings.h Line: 35)

19 to player 1 container 
(Filename: C:\buildslave\unity\build\Runtime/Export/Debug/Debug.bindings.h Line: 35)

P1Tiles 
(Filename: C:\buildslave\unity\build\Runtime/Export/Debug/Debug.bindings.h Line: 35)

DEAL9 
(Filename: C:\buildslave\unity\build\Runtime/Export/Debug/Debug.bindings.h Line: 35)

28 to player 2 container 
(Filename: C:\buildslave\unity\build\Runtime/Export/Debug/Debug.bindings.h Line: 35)

DEAL10 
(Filename: C:\buildslave\unity\build\Runtime/Export/Debug/Debug.bindings.h Line: 35)

08 to player 3 container 
(Filename: C:\buildslave\unity\build\Runtime/Export/Debug/Debug.bindings.h Line: 35)

DEAL11 
(Filename: C:\buildslave\unity\build\Runtime/Export/Debug/Debug.bindings.h Line: 35)

14 to player 4 container 
(Filename: C:\buildslave\unity\build\Runtime/Export/Debug/Debug.bindings.h Line: 35)

DEAL12 
(Filename: C:\buildslave\unity\build\Runtime/Export/Debug/Debug.bindings.h Line: 35)

14 to player 1 container 
(Filename: C:\buildslave\unity\build\Runtime/Export/Debug/Debug.bindings.h Line: 35)

P1Tiles 
(Filename: C:\buildslave\unity\build\Runtime/Export/Debug/Debug.bindings.h Line: 35)

DEAL13 
(Filename: C:\buildslave\unity\build\Runtime/Export/Debug/Debug.bindings.h Line: 35)

27 to player 2 container 
(Filename: C:\buildslave\unity\build\Runtime/Export/Debug/Debug.bindings.h Line: 35)

DEAL14 
(Filename: C:\buildslave\unity\build\Runtime/Export/Debug/Debug.bindings.h Line: 35)

15 to player 3 container 
(Filename: C:\buildslave\unity\build\Runtime/Export/Debug/Debug.bindings.h Line: 35)

DEAL15 
(Filename: C:\buildslave\unity\build\Runtime/Export/Debug/Debug.bindings.h Line: 35)

18 to player 4 container 
(Filename: C:\buildslave\unity\build\Runtime/Export/Debug/Debug.bindings.h Line: 35)

DEAL16 
(Filename: C:\buildslave\unity\build\Runtime/Export/Debug/Debug.bindings.h Line: 35)

03 to player 1 container 
(Filename: C:\buildslave\unity\build\Runtime/Export/Debug/Debug.bindings.h Line: 35)

P1Tiles 
(Filename: C:\buildslave\unity\build\Runtime/Export/Debug/Debug.bindings.h Line: 35)

DEAL17 
(Filename: C:\buildslave\unity\build\Runtime/Export/Debug/Debug.bindings.h Line: 35)

04 to player 2 container 
(Filename: C:\buildslave\unity\build\Runtime/Export/Debug/Debug.bindings.h Line: 35)

DEAL18 
(Filename: C:\buildslave\unity\build\Runtime/Export/Debug/Debug.bindings.h Line: 35)

28 to player 3 container 
(Filename: C:\buildslave\unity\build\Runtime/Export/Debug/Debug.bindings.h Line: 35)

DEAL19 
(Filename: C:\buildslave\unity\build\Runtime/Export/Debug/Debug.bindings.h Line: 35)

20 to player 4 container 
(Filename: C:\buildslave\unity\build\Runtime/Export/Debug/Debug.bindings.h Line: 35)

DEAL20 
(Filename: C:\buildslave\unity\build\Runtime/Export/Debug/Debug.bindings.h Line: 35)

04 to player 1 container 
(Filename: C:\buildslave\unity\build\Runtime/Export/Debug/Debug.bindings.h Line: 35)

P1Tiles 
(Filename: C:\buildslave\unity\build\Runtime/Export/Debug/Debug.bindings.h Line: 35)

DEAL21 
(Filename: C:\buildslave\unity\build\Runtime/Export/Debug/Debug.bindings.h Line: 35)

21 to player 2 container 
(Filename: C:\buildslave\unity\build\Runtime/Export/Debug/Debug.bindings.h Line: 35)

DEAL22 
(Filename: C:\buildslave\unity\build\Runtime/Export/Debug/Debug.bindings.h Line: 35)

03 to player 3 container 
(Filename: C:\buildslave\unity\build\Runtime/Export/Debug/Debug.bindings.h Line: 35)

DEAL23 
(Filename: C:\buildslave\unity\build\Runtime/Export/Debug/Debug.bindings.h Line: 35)

03 to player 4 container 
(Filename: C:\buildslave\unity\build\Runtime/Export/Debug/Debug.bindings.h Line: 35)

DEAL24 
(Filename: C:\buildslave\unity\build\Runtime/Export/Debug/Debug.bindings.h Line: 35)

33 to player 1 container 
(Filename: C:\buildslave\unity\build\Runtime/Export/Debug/Debug.bindings.h Line: 35)

P1Tiles 
(Filename: C:\buildslave\unity\build\Runtime/Export/Debug/Debug.bindings.h Line: 35)

DEAL25 
(Filename: C:\buildslave\unity\build\Runtime/Export/Debug/Debug.bindings.h Line: 35)

25 to player 2 container 
(Filename: C:\buildslave\unity\build\Runtime/Export/Debug/Debug.bindings.h Line: 35)

DEAL26 
(Filename: C:\buildslave\unity\build\Runtime/Export/Debug/Debug.bindings.h Line: 35)

23 to player 3 container 
(Filename: C:\buildslave\unity\build\Runtime/Export/Debug/Debug.bindings.h Line: 35)

DEAL27 
(Filename: C:\buildslave\unity\build\Runtime/Export/Debug/Debug.bindings.h Line: 35)

15 to player 4 container 
(Filename: C:\buildslave\unity\build\Runtime/Export/Debug/Debug.bindings.h Line: 35)

DEAL28 
(Filename: C:\buildslave\unity\build\Runtime/Export/Debug/Debug.bindings.h Line: 35)

27 to player 1 container 
(Filename: C:\buildslave\unity\build\Runtime/Export/Debug/Debug.bindings.h Line: 35)

P1Tiles 
(Filename: C:\buildslave\unity\build\Runtime/Export/Debug/Debug.bindings.h Line: 35)

DEAL29 
(Filename: C:\buildslave\unity\build\Runtime/Export/Debug/Debug.bindings.h Line: 35)

01 to player 2 container 
(Filename: C:\buildslave\unity\build\Runtime/Export/Debug/Debug.bindings.h Line: 35)

DEAL30 
(Filename: C:\buildslave\unity\build\Runtime/Export/Debug/Debug.bindings.h Line: 35)

14 to player 3 container 
(Filename: C:\buildslave\unity\build\Runtime/Export/Debug/Debug.bindings.h Line: 35)

DEAL31 
(Filename: C:\buildslave\unity\build\Runtime/Export/Debug/Debug.bindings.h Line: 35)

20 to player 4 container 
(Filename: C:\buildslave\unity\build\Runtime/Export/Debug/Debug.bindings.h Line: 35)

DEAL32 
(Filename: C:\buildslave\unity\build\Runtime/Export/Debug/Debug.bindings.h Line: 35)

26 to player 1 container 
(Filename: C:\buildslave\unity\build\Runtime/Export/Debug/Debug.bindings.h Line: 35)

P1Tiles 
(Filename: C:\buildslave\unity\build\Runtime/Export/Debug/Debug.bindings.h Line: 35)

DEAL33 
(Filename: C:\buildslave\unity\build\Runtime/Export/Debug/Debug.bindings.h Line: 35)

23 to player 2 container 
(Filename: C:\buildslave\unity\build\Runtime/Export/Debug/Debug.bindings.h Line: 35)

DEAL34 
(Filename: C:\buildslave\unity\build\Runtime/Export/Debug/Debug.bindings.h Line: 35)

28 to player 3 container 
(Filename: C:\buildslave\unity\build\Runtime/Export/Debug/Debug.bindings.h Line: 35)

DEAL35 
(Filename: C:\buildslave\unity\build\Runtime/Export/Debug/Debug.bindings.h Line: 35)

10 to player 4 container 
(Filename: C:\buildslave\unity\build\Runtime/Export/Debug/Debug.bindings.h Line: 35)

DEAL36 
(Filename: C:\buildslave\unity\build\Runtime/Export/Debug/Debug.bindings.h Line: 35)

33 to player 1 container 
(Filename: C:\buildslave\unity\build\Runtime/Export/Debug/Debug.bindings.h Line: 35)

P1Tiles 
(Filename: C:\buildslave\unity\build\Runtime/Export/Debug/Debug.bindings.h Line: 35)

DEAL37 
(Filename: C:\buildslave\unity\build\Runtime/Export/Debug/Debug.bindings.h Line: 35)

25 to player 2 container 
(Filename: C:\buildslave\unity\build\Runtime/Export/Debug/Debug.bindings.h Line: 35)

DEAL38 
(Filename: C:\buildslave\unity\build\Runtime/Export/Debug/Debug.bindings.h Line: 35)

08 to player 3 container 
(Filename: C:\buildslave\unity\build\Runtime/Export/Debug/Debug.bindings.h Line: 35)

DEAL39 
(Filename: C:\buildslave\unity\build\Runtime/Export/Debug/Debug.bindings.h Line: 35)

01 to player 4 container 
(Filename: C:\buildslave\unity\build\Runtime/Export/Debug/Debug.bindings.h Line: 35)

DEAL40 
(Filename: C:\buildslave\unity\build\Runtime/Export/Debug/Debug.bindings.h Line: 35)

10 to player 1 container 
(Filename: C:\buildslave\unity\build\Runtime/Export/Debug/Debug.bindings.h Line: 35)

P1Tiles 
(Filename: C:\buildslave\unity\build\Runtime/Export/Debug/Debug.bindings.h Line: 35)

DEAL41 
(Filename: C:\buildslave\unity\build\Runtime/Export/Debug/Debug.bindings.h Line: 35)

27 to player 2 container 
(Filename: C:\buildslave\unity\build\Runtime/Export/Debug/Debug.bindings.h Line: 35)

DEAL42 
(Filename: C:\buildslave\unity\build\Runtime/Export/Debug/Debug.bindings.h Line: 35)

18 to player 3 container 
(Filename: C:\buildslave\unity\build\Runtime/Export/Debug/Debug.bindings.h Line: 35)

DEAL43 
(Filename: C:\buildslave\unity\build\Runtime/Export/Debug/Debug.bindings.h Line: 35)

24 to player 4 container 
(Filename: C:\buildslave\unity\build\Runtime/Export/Debug/Debug.bindings.h Line: 35)

DEAL44 
(Filename: C:\buildslave\unity\build\Runtime/Export/Debug/Debug.bindings.h Line: 35)

02 to player 1 container 
(Filename: C:\buildslave\unity\build\Runtime/Export/Debug/Debug.bindings.h Line: 35)

P1Tiles 
(Filename: C:\buildslave\unity\build\Runtime/Export/Debug/Debug.bindings.h Line: 35)

DEAL45 
(Filename: C:\buildslave\unity\build\Runtime/Export/Debug/Debug.bindings.h Line: 35)

08 to player 2 container 
(Filename: C:\buildslave\unity\build\Runtime/Export/Debug/Debug.bindings.h Line: 35)

DEAL46 
(Filename: C:\buildslave\unity\build\Runtime/Export/Debug/Debug.bindings.h Line: 35)

17 to player 3 container 
(Filename: C:\buildslave\unity\build\Runtime/Export/Debug/Debug.bindings.h Line: 35)

DEAL47 
(Filename: C:\buildslave\unity\build\Runtime/Export/Debug/Debug.bindings.h Line: 35)

07 to player 4 container 
(Filename: C:\buildslave\unity\build\Runtime/Export/Debug/Debug.bindings.h Line: 35)

DEAL48 
(Filename: C:\buildslave\unity\build\Runtime/Export/Debug/Debug.bindings.h Line: 35)

03 to player 1 container 
(Filename: C:\buildslave\unity\build\Runtime/Export/Debug/Debug.bindings.h Line: 35)

P1Tiles 
(Filename: C:\buildslave\unity\build\Runtime/Export/Debug/Debug.bindings.h Line: 35)

DEAL49 
(Filename: C:\buildslave\unity\build\Runtime/Export/Debug/Debug.bindings.h Line: 35)

17 to player 2 container 
(Filename: C:\buildslave\unity\build\Runtime/Export/Debug/Debug.bindings.h Line: 35)

DEAL50 
(Filename: C:\buildslave\unity\build\Runtime/Export/Debug/Debug.bindings.h Line: 35)

02 to player 3 container 
(Filename: C:\buildslave\unity\build\Runtime/Export/Debug/Debug.bindings.h Line: 35)

DEAL51 
(Filename: C:\buildslave\unity\build\Runtime/Export/Debug/Debug.bindings.h Line: 35)

12 to player 4 container 
(Filename: C:\buildslave\unity\build\Runtime/Export/Debug/Debug.bindings.h Line: 35)

DEAL52 
(Filename: C:\buildslave\unity\build\Runtime/Export/Debug/Debug.bindings.h Line: 35)

33 to player 1 container 
(Filename: C:\buildslave\unity\build\Runtime/Export/Debug/Debug.bindings.h Line: 35)

P1Tiles 
(Filename: C:\buildslave\unity\build\Runtime/Export/Debug/Debug.bindings.h Line: 35)

REARRANGE FOR P1 
(Filename: C:\buildslave\unity\build\Runtime/Export/Debug/Debug.bindings.h Line: 35)

REARRANGE FOR P2 
(Filename: C:\buildslave\unity\build\Runtime/Export/Debug/Debug.bindings.h Line: 35)

REARRANGE FOR P3 
(Filename: C:\buildslave\unity\build\Runtime/Export/Debug/Debug.bindings.h Line: 35)

REARRANGE FOR P4 
(Filename: C:\buildslave\unity\build\Runtime/Export/Debug/Debug.bindings.h Line: 35)

TILESET COUNT: 136 
(Filename: C:\buildslave\unity\build\Runtime/Export/Debug/Debug.bindings.h Line: 35)

Setting up 6 worker threads for Enlighten.
  Thread -> id: 55bc -> priority: 1 
  Thread -> id: 8d94 -> priority: 1 
  Thread -> id: af70 -> priority: 1 
  Thread -> id: 5068 -> priority: 1 
  Thread -> id: 5824 -> priority: 1 
  Thread -> id: 7f34 -> priority: 1 
