Mono path[0] = 'C:/Users/Siew Jun Leong/Desktop/mj-fyp/mj/MJ_Data/Managed'
Mono config path = 'C:/Users/Siew Jun Leong/Desktop/mj-fyp/mj/MonoBleedingEdge/etc'
Initialize engine version: 2019.4.11f1 (2d9804dddde7)
[Subsystems] Discovering subsystems at path C:/Users/Siew Jun Leong/Desktop/mj-fyp/mj/MJ_Data/UnitySubsystems
GfxDevice: creating device client; threaded=1
Direct3D:
    Version:  Direct3D 11.0 [level 11.1]
    Renderer: NVIDIA GeForce GTX 1060 (ID=0x1c20)
    Vendor:   
    VRAM:     6052 MB
    Driver:   27.21.14.5643
Begin MonoManager ReloadAssembly
- Completed reload, in  0.085 seconds
D3D11 device created for Microsoft Media Foundation video decoding.
<RI> Initializing input.
<RI> Input initialized.
<RI> Initialized touch support.
UnloadTime: 0.490800 ms
Fallback handler could not load library C:/Users/Siew Jun Leong/Desktop/mj-fyp/mj/MJ_Data/Mono/libcoreclr.so
Fallback handler could not load library C:/Users/Siew Jun Leong/Desktop/mj-fyp/mj/MJ_Data/Mono/libcoreclr.so.dll
Fallback handler could not load library C:/Users/Siew Jun Leong/Desktop/mj-fyp/mj/MJ_Data/Mono/libcoreclr.so
Fallback handler could not load library C:/Users/Siew Jun Leong/Desktop/mj-fyp/mj/MJ_Data/Mono/libdl.so
Fallback handler could not load library C:/Users/Siew Jun Leong/Desktop/mj-fyp/mj/MJ_Data/Mono/libdl.so.dll
Fallback handler could not load library C:/Users/Siew Jun Leong/Desktop/mj-fyp/mj/MJ_Data/Mono/libdl.so
Fallback handler could not load library C:/Users/Siew Jun Leong/Desktop/mj-fyp/mj/MJ_Data/Mono/libSystem.dylib
Fallback handler could not load library C:/Users/Siew Jun Leong/Desktop/mj-fyp/mj/MJ_Data/Mono/libSystem.dylib.dll
Fallback handler could not load library C:/Users/Siew Jun Leong/Desktop/mj-fyp/mj/MJ_Data/Mono/libSystem.dylib
Fallback handler could not load library C:/Users/Siew Jun Leong/Desktop/mj-fyp/mj/MJ_Data/Mono/libcoreclr.so
Fallback handler could not load library C:/Users/Siew Jun Leong/Desktop/mj-fyp/mj/MJ_Data/Mono/libcoreclr.so.dll
Fallback handler could not load library C:/Users/Siew Jun Leong/Desktop/mj-fyp/mj/MJ_Data/Mono/libcoreclr.so
Fallback handler could not load library C:/Users/Siew Jun Leong/Desktop/mj-fyp/mj/MJ_Data/Mono/libdl.so
Fallback handler could not load library C:/Users/Siew Jun Leong/Desktop/mj-fyp/mj/MJ_Data/Mono/libdl.so.dll
Fallback handler could not load library C:/Users/Siew Jun Leong/Desktop/mj-fyp/mj/MJ_Data/Mono/libdl.so
Fallback handler could not load library C:/Users/Siew Jun Leong/Desktop/mj-fyp/mj/MJ_Data/Mono/libSystem.dylib
Fallback handler could not load library C:/Users/Siew Jun Leong/Desktop/mj-fyp/mj/MJ_Data/Mono/libSystem.dylib.dll
Fallback handler could not load library C:/Users/Siew Jun Leong/Desktop/mj-fyp/mj/MJ_Data/Mono/libSystem.dylib
WARNING: The communication API versions between Unity and python differ at the minor version level. Python API: 1.3.0, Unity API: 1.0.0 Python Library Version: 0.23.0 .
This means that some features may not work unless you upgrade the package with the lower version.Please find the versions that work best together from our release page.
https://github.com/Unity-Technologies/ml-agents/releases 
(Filename: C:\buildslave\unity\build\Runtime/Export/Debug/Debug.bindings.h Line: 35)

Python package version (0.23.0) is out of the supported range or not from an official release. It is strongly recommended that you use a Python package between 0.16.1 and 0.20.0. Training will proceed, but the output format may be different. 
(Filename: C:\buildslave\unity\build\Runtime/Export/Debug/Debug.bindings.h Line: 35)

TILESET: 16, 01, 13, 21, 31, 28, 10, 33, 14, 07, 18, 05, 12, 26, 11, 04, 21, 28, 05, 14, 18, 08, 20, 03, 32, 31, 23, 06, 19, 23, 19, 14, 27, 06, 00, 16, 29, 00, 21, 11, 29, 02, 16, 17, 33, 08, 24, 15, 09, 22, 32, 09, 01, 29, 10, 17, 17, 24, 07, 07, 33, 04, 02, 20, 27, 04, 01, 19, 14, 28, 19, 31, 10, 03, 26, 26, 29, 26, 25, 32, 17, 33, 05, 00, 09, 03, 04, 05, 30, 18, 06, 13, 11, 22, 08, 30, 28, 12, 22, 02, 15, 25, 30, 01, 13, 24, 31, 07, 09, 27, 08, 23, 21, 00, 12, 03, 06, 02, 25, 13, 12, 22, 23, 25, 24, 27, 11, 15, 16, 20, 32, 20, 15, 18, 30, 10 
(Filename: C:\buildslave\unity\build\Runtime/Export/Debug/Debug.bindings.h Line: 35)

DEAL0 
(Filename: C:\buildslave\unity\build\Runtime/Export/Debug/Debug.bindings.h Line: 35)

16 to player 1 container 
(Filename: C:\buildslave\unity\build\Runtime/Export/Debug/Debug.bindings.h Line: 35)

P1Tiles 
(Filename: C:\buildslave\unity\build\Runtime/Export/Debug/Debug.bindings.h Line: 35)

DEAL1 
(Filename: C:\buildslave\unity\build\Runtime/Export/Debug/Debug.bindings.h Line: 35)

01 to player 2 container 
(Filename: C:\buildslave\unity\build\Runtime/Export/Debug/Debug.bindings.h Line: 35)

DEAL2 
(Filename: C:\buildslave\unity\build\Runtime/Export/Debug/Debug.bindings.h Line: 35)

13 to player 3 container 
(Filename: C:\buildslave\unity\build\Runtime/Export/Debug/Debug.bindings.h Line: 35)

DEAL3 
(Filename: C:\buildslave\unity\build\Runtime/Export/Debug/Debug.bindings.h Line: 35)

21 to player 4 container 
(Filename: C:\buildslave\unity\build\Runtime/Export/Debug/Debug.bindings.h Line: 35)

DEAL4 
(Filename: C:\buildslave\unity\build\Runtime/Export/Debug/Debug.bindings.h Line: 35)

31 to player 1 container 
(Filename: C:\buildslave\unity\build\Runtime/Export/Debug/Debug.bindings.h Line: 35)

P1Tiles 
(Filename: C:\buildslave\unity\build\Runtime/Export/Debug/Debug.bindings.h Line: 35)

DEAL5 
(Filename: C:\buildslave\unity\build\Runtime/Export/Debug/Debug.bindings.h Line: 35)

28 to player 2 container 
(Filename: C:\buildslave\unity\build\Runtime/Export/Debug/Debug.bindings.h Line: 35)

DEAL6 
(Filename: C:\buildslave\unity\build\Runtime/Export/Debug/Debug.bindings.h Line: 35)

10 to player 3 container 
(Filename: C:\buildslave\unity\build\Runtime/Export/Debug/Debug.bindings.h Line: 35)

DEAL7 
(Filename: C:\buildslave\unity\build\Runtime/Export/Debug/Debug.bindings.h Line: 35)

33 to player 4 container 
(Filename: C:\buildslave\unity\build\Runtime/Export/Debug/Debug.bindings.h Line: 35)

DEAL8 
(Filename: C:\buildslave\unity\build\Runtime/Export/Debug/Debug.bindings.h Line: 35)

14 to player 1 container 
(Filename: C:\buildslave\unity\build\Runtime/Export/Debug/Debug.bindings.h Line: 35)

P1Tiles 
(Filename: C:\buildslave\unity\build\Runtime/Export/Debug/Debug.bindings.h Line: 35)

DEAL9 
(Filename: C:\buildslave\unity\build\Runtime/Export/Debug/Debug.bindings.h Line: 35)

07 to player 2 container 
(Filename: C:\buildslave\unity\build\Runtime/Export/Debug/Debug.bindings.h Line: 35)

DEAL10 
(Filename: C:\buildslave\unity\build\Runtime/Export/Debug/Debug.bindings.h Line: 35)

18 to player 3 container 
(Filename: C:\buildslave\unity\build\Runtime/Export/Debug/Debug.bindings.h Line: 35)

DEAL11 
(Filename: C:\buildslave\unity\build\Runtime/Export/Debug/Debug.bindings.h Line: 35)

05 to player 4 container 
(Filename: C:\buildslave\unity\build\Runtime/Export/Debug/Debug.bindings.h Line: 35)

DEAL12 
(Filename: C:\buildslave\unity\build\Runtime/Export/Debug/Debug.bindings.h Line: 35)

12 to player 1 container 
(Filename: C:\buildslave\unity\build\Runtime/Export/Debug/Debug.bindings.h Line: 35)

P1Tiles 
(Filename: C:\buildslave\unity\build\Runtime/Export/Debug/Debug.bindings.h Line: 35)

DEAL13 
(Filename: C:\buildslave\unity\build\Runtime/Export/Debug/Debug.bindings.h Line: 35)

26 to player 2 container 
(Filename: C:\buildslave\unity\build\Runtime/Export/Debug/Debug.bindings.h Line: 35)

DEAL14 
(Filename: C:\buildslave\unity\build\Runtime/Export/Debug/Debug.bindings.h Line: 35)

11 to player 3 container 
(Filename: C:\buildslave\unity\build\Runtime/Export/Debug/Debug.bindings.h Line: 35)

DEAL15 
(Filename: C:\buildslave\unity\build\Runtime/Export/Debug/Debug.bindings.h Line: 35)

04 to player 4 container 
(Filename: C:\buildslave\unity\build\Runtime/Export/Debug/Debug.bindings.h Line: 35)

DEAL16 
(Filename: C:\buildslave\unity\build\Runtime/Export/Debug/Debug.bindings.h Line: 35)

21 to player 1 container 
(Filename: C:\buildslave\unity\build\Runtime/Export/Debug/Debug.bindings.h Line: 35)

P1Tiles 
(Filename: C:\buildslave\unity\build\Runtime/Export/Debug/Debug.bindings.h Line: 35)

DEAL17 
(Filename: C:\buildslave\unity\build\Runtime/Export/Debug/Debug.bindings.h Line: 35)

28 to player 2 container 
(Filename: C:\buildslave\unity\build\Runtime/Export/Debug/Debug.bindings.h Line: 35)

DEAL18 
(Filename: C:\buildslave\unity\build\Runtime/Export/Debug/Debug.bindings.h Line: 35)

05 to player 3 container 
(Filename: C:\buildslave\unity\build\Runtime/Export/Debug/Debug.bindings.h Line: 35)

DEAL19 
(Filename: C:\buildslave\unity\build\Runtime/Export/Debug/Debug.bindings.h Line: 35)

14 to player 4 container 
(Filename: C:\buildslave\unity\build\Runtime/Export/Debug/Debug.bindings.h Line: 35)

DEAL20 
(Filename: C:\buildslave\unity\build\Runtime/Export/Debug/Debug.bindings.h Line: 35)

18 to player 1 container 
(Filename: C:\buildslave\unity\build\Runtime/Export/Debug/Debug.bindings.h Line: 35)

P1Tiles 
(Filename: C:\buildslave\unity\build\Runtime/Export/Debug/Debug.bindings.h Line: 35)

DEAL21 
(Filename: C:\buildslave\unity\build\Runtime/Export/Debug/Debug.bindings.h Line: 35)

08 to player 2 container 
(Filename: C:\buildslave\unity\build\Runtime/Export/Debug/Debug.bindings.h Line: 35)

DEAL22 
(Filename: C:\buildslave\unity\build\Runtime/Export/Debug/Debug.bindings.h Line: 35)

20 to player 3 container 
(Filename: C:\buildslave\unity\build\Runtime/Export/Debug/Debug.bindings.h Line: 35)

DEAL23 
(Filename: C:\buildslave\unity\build\Runtime/Export/Debug/Debug.bindings.h Line: 35)

03 to player 4 container 
(Filename: C:\buildslave\unity\build\Runtime/Export/Debug/Debug.bindings.h Line: 35)

DEAL24 
(Filename: C:\buildslave\unity\build\Runtime/Export/Debug/Debug.bindings.h Line: 35)

32 to player 1 container 
(Filename: C:\buildslave\unity\build\Runtime/Export/Debug/Debug.bindings.h Line: 35)

P1Tiles 
(Filename: C:\buildslave\unity\build\Runtime/Export/Debug/Debug.bindings.h Line: 35)

DEAL25 
(Filename: C:\buildslave\unity\build\Runtime/Export/Debug/Debug.bindings.h Line: 35)

31 to player 2 container 
(Filename: C:\buildslave\unity\build\Runtime/Export/Debug/Debug.bindings.h Line: 35)

DEAL26 
(Filename: C:\buildslave\unity\build\Runtime/Export/Debug/Debug.bindings.h Line: 35)

23 to player 3 container 
(Filename: C:\buildslave\unity\build\Runtime/Export/Debug/Debug.bindings.h Line: 35)

DEAL27 
(Filename: C:\buildslave\unity\build\Runtime/Export/Debug/Debug.bindings.h Line: 35)

06 to player 4 container 
(Filename: C:\buildslave\unity\build\Runtime/Export/Debug/Debug.bindings.h Line: 35)

DEAL28 
(Filename: C:\buildslave\unity\build\Runtime/Export/Debug/Debug.bindings.h Line: 35)

19 to player 1 container 
(Filename: C:\buildslave\unity\build\Runtime/Export/Debug/Debug.bindings.h Line: 35)

P1Tiles 
(Filename: C:\buildslave\unity\build\Runtime/Export/Debug/Debug.bindings.h Line: 35)

DEAL29 
(Filename: C:\buildslave\unity\build\Runtime/Export/Debug/Debug.bindings.h Line: 35)

23 to player 2 container 
(Filename: C:\buildslave\unity\build\Runtime/Export/Debug/Debug.bindings.h Line: 35)

DEAL30 
(Filename: C:\buildslave\unity\build\Runtime/Export/Debug/Debug.bindings.h Line: 35)

19 to player 3 container 
(Filename: C:\buildslave\unity\build\Runtime/Export/Debug/Debug.bindings.h Line: 35)

DEAL31 
(Filename: C:\buildslave\unity\build\Runtime/Export/Debug/Debug.bindings.h Line: 35)

14 to player 4 container 
(Filename: C:\buildslave\unity\build\Runtime/Export/Debug/Debug.bindings.h Line: 35)

DEAL32 
(Filename: C:\buildslave\unity\build\Runtime/Export/Debug/Debug.bindings.h Line: 35)

27 to player 1 container 
(Filename: C:\buildslave\unity\build\Runtime/Export/Debug/Debug.bindings.h Line: 35)

P1Tiles 
(Filename: C:\buildslave\unity\build\Runtime/Export/Debug/Debug.bindings.h Line: 35)

DEAL33 
(Filename: C:\buildslave\unity\build\Runtime/Export/Debug/Debug.bindings.h Line: 35)

06 to player 2 container 
(Filename: C:\buildslave\unity\build\Runtime/Export/Debug/Debug.bindings.h Line: 35)

DEAL34 
(Filename: C:\buildslave\unity\build\Runtime/Export/Debug/Debug.bindings.h Line: 35)

00 to player 3 container 
(Filename: C:\buildslave\unity\build\Runtime/Export/Debug/Debug.bindings.h Line: 35)

DEAL35 
(Filename: C:\buildslave\unity\build\Runtime/Export/Debug/Debug.bindings.h Line: 35)

16 to player 4 container 
(Filename: C:\buildslave\unity\build\Runtime/Export/Debug/Debug.bindings.h Line: 35)

DEAL36 
(Filename: C:\buildslave\unity\build\Runtime/Export/Debug/Debug.bindings.h Line: 35)

29 to player 1 container 
(Filename: C:\buildslave\unity\build\Runtime/Export/Debug/Debug.bindings.h Line: 35)

P1Tiles 
(Filename: C:\buildslave\unity\build\Runtime/Export/Debug/Debug.bindings.h Line: 35)

DEAL37 
(Filename: C:\buildslave\unity\build\Runtime/Export/Debug/Debug.bindings.h Line: 35)

00 to player 2 container 
(Filename: C:\buildslave\unity\build\Runtime/Export/Debug/Debug.bindings.h Line: 35)

DEAL38 
(Filename: C:\buildslave\unity\build\Runtime/Export/Debug/Debug.bindings.h Line: 35)

21 to player 3 container 
(Filename: C:\buildslave\unity\build\Runtime/Export/Debug/Debug.bindings.h Line: 35)

DEAL39 
(Filename: C:\buildslave\unity\build\Runtime/Export/Debug/Debug.bindings.h Line: 35)

11 to player 4 container 
(Filename: C:\buildslave\unity\build\Runtime/Export/Debug/Debug.bindings.h Line: 35)

DEAL40 
(Filename: C:\buildslave\unity\build\Runtime/Export/Debug/Debug.bindings.h Line: 35)

29 to player 1 container 
(Filename: C:\buildslave\unity\build\Runtime/Export/Debug/Debug.bindings.h Line: 35)

P1Tiles 
(Filename: C:\buildslave\unity\build\Runtime/Export/Debug/Debug.bindings.h Line: 35)

DEAL41 
(Filename: C:\buildslave\unity\build\Runtime/Export/Debug/Debug.bindings.h Line: 35)

02 to player 2 container 
(Filename: C:\buildslave\unity\build\Runtime/Export/Debug/Debug.bindings.h Line: 35)

DEAL42 
(Filename: C:\buildslave\unity\build\Runtime/Export/Debug/Debug.bindings.h Line: 35)

16 to player 3 container 
(Filename: C:\buildslave\unity\build\Runtime/Export/Debug/Debug.bindings.h Line: 35)

DEAL43 
(Filename: C:\buildslave\unity\build\Runtime/Export/Debug/Debug.bindings.h Line: 35)

17 to player 4 container 
(Filename: C:\buildslave\unity\build\Runtime/Export/Debug/Debug.bindings.h Line: 35)

DEAL44 
(Filename: C:\buildslave\unity\build\Runtime/Export/Debug/Debug.bindings.h Line: 35)

33 to player 1 container 
(Filename: C:\buildslave\unity\build\Runtime/Export/Debug/Debug.bindings.h Line: 35)

P1Tiles 
(Filename: C:\buildslave\unity\build\Runtime/Export/Debug/Debug.bindings.h Line: 35)

DEAL45 
(Filename: C:\buildslave\unity\build\Runtime/Export/Debug/Debug.bindings.h Line: 35)

08 to player 2 container 
(Filename: C:\buildslave\unity\build\Runtime/Export/Debug/Debug.bindings.h Line: 35)

DEAL46 
(Filename: C:\buildslave\unity\build\Runtime/Export/Debug/Debug.bindings.h Line: 35)

24 to player 3 container 
(Filename: C:\buildslave\unity\build\Runtime/Export/Debug/Debug.bindings.h Line: 35)

DEAL47 
(Filename: C:\buildslave\unity\build\Runtime/Export/Debug/Debug.bindings.h Line: 35)

15 to player 4 container 
(Filename: C:\buildslave\unity\build\Runtime/Export/Debug/Debug.bindings.h Line: 35)

DEAL48 
(Filename: C:\buildslave\unity\build\Runtime/Export/Debug/Debug.bindings.h Line: 35)

09 to player 1 container 
(Filename: C:\buildslave\unity\build\Runtime/Export/Debug/Debug.bindings.h Line: 35)

P1Tiles 
(Filename: C:\buildslave\unity\build\Runtime/Export/Debug/Debug.bindings.h Line: 35)

DEAL49 
(Filename: C:\buildslave\unity\build\Runtime/Export/Debug/Debug.bindings.h Line: 35)

22 to player 2 container 
(Filename: C:\buildslave\unity\build\Runtime/Export/Debug/Debug.bindings.h Line: 35)

DEAL50 
(Filename: C:\buildslave\unity\build\Runtime/Export/Debug/Debug.bindings.h Line: 35)

32 to player 3 container 
(Filename: C:\buildslave\unity\build\Runtime/Export/Debug/Debug.bindings.h Line: 35)

DEAL51 
(Filename: C:\buildslave\unity\build\Runtime/Export/Debug/Debug.bindings.h Line: 35)

09 to player 4 container 
(Filename: C:\buildslave\unity\build\Runtime/Export/Debug/Debug.bindings.h Line: 35)

DEAL52 
(Filename: C:\buildslave\unity\build\Runtime/Export/Debug/Debug.bindings.h Line: 35)

01 to player 1 container 
(Filename: C:\buildslave\unity\build\Runtime/Export/Debug/Debug.bindings.h Line: 35)

P1Tiles 
(Filename: C:\buildslave\unity\build\Runtime/Export/Debug/Debug.bindings.h Line: 35)

REARRANGE FOR P1 
(Filename: C:\buildslave\unity\build\Runtime/Export/Debug/Debug.bindings.h Line: 35)

REARRANGE FOR P2 
(Filename: C:\buildslave\unity\build\Runtime/Export/Debug/Debug.bindings.h Line: 35)

REARRANGE FOR P3 
(Filename: C:\buildslave\unity\build\Runtime/Export/Debug/Debug.bindings.h Line: 35)

REARRANGE FOR P4 
(Filename: C:\buildslave\unity\build\Runtime/Export/Debug/Debug.bindings.h Line: 35)

TILESET COUNT: 136 
(Filename: C:\buildslave\unity\build\Runtime/Export/Debug/Debug.bindings.h Line: 35)

NullReferenceException: Object reference not set to an instance of an object
  at GameManagerScript.DiscardTile (System.String tiletodiscard) [0x00062] in <407aa01062fe4a15b6b0bff9f3aff311>:0 
  at GameManagerScript+<GameLoop>d__50.MoveNext () [0x003e4] in <407aa01062fe4a15b6b0bff9f3aff311>:0 
  at UnityEngine.SetupCoroutine.InvokeMoveNext (System.Collections.IEnumerator enumerator, System.IntPtr returnValueAddress) [0x00026] in <935659c867824af39ab536146005e29a>:0 
 
(Filename: <407aa01062fe4a15b6b0bff9f3aff311> Line: 0)

Setting up 6 worker threads for Enlighten.
  Thread -> id: b198 -> priority: 1 
  Thread -> id: 4ce8 -> priority: 1 
  Thread -> id: 6d94 -> priority: 1 
  Thread -> id: 21ac -> priority: 1 
  Thread -> id: 3680 -> priority: 1 
  Thread -> id: 9374 -> priority: 1 
