Mono path[0] = 'C:/Users/Siew Jun Leong/Desktop/mj-fyp/mj/MJ_Data/Managed'
Mono config path = 'C:/Users/Siew Jun Leong/Desktop/mj-fyp/mj/MonoBleedingEdge/etc'
Initialize engine version: 2019.4.11f1 (2d9804dddde7)
[Subsystems] Discovering subsystems at path C:/Users/Siew Jun Leong/Desktop/mj-fyp/mj/MJ_Data/UnitySubsystems
GfxDevice: creating device client; threaded=1
Direct3D:
    Version:  Direct3D 11.0 [level 11.1]
    Renderer: NVIDIA GeForce GTX 1060 (ID=0x1c20)
    Vendor:   
    VRAM:     6052 MB
    Driver:   27.21.14.5643
Begin MonoManager ReloadAssembly
- Completed reload, in  1.380 seconds
D3D11 device created for Microsoft Media Foundation video decoding.
<RI> Initializing input.
<RI> Input initialized.
<RI> Initialized touch support.
UnloadTime: 0.945200 ms
Fallback handler could not load library C:/Users/Siew Jun Leong/Desktop/mj-fyp/mj/MJ_Data/Mono/libcoreclr.so
Fallback handler could not load library C:/Users/Siew Jun Leong/Desktop/mj-fyp/mj/MJ_Data/Mono/libcoreclr.so.dll
Fallback handler could not load library C:/Users/Siew Jun Leong/Desktop/mj-fyp/mj/MJ_Data/Mono/libcoreclr.so
Fallback handler could not load library C:/Users/Siew Jun Leong/Desktop/mj-fyp/mj/MJ_Data/Mono/libdl.so
Fallback handler could not load library C:/Users/Siew Jun Leong/Desktop/mj-fyp/mj/MJ_Data/Mono/libdl.so.dll
Fallback handler could not load library C:/Users/Siew Jun Leong/Desktop/mj-fyp/mj/MJ_Data/Mono/libdl.so
Fallback handler could not load library C:/Users/Siew Jun Leong/Desktop/mj-fyp/mj/MJ_Data/Mono/libSystem.dylib
Fallback handler could not load library C:/Users/Siew Jun Leong/Desktop/mj-fyp/mj/MJ_Data/Mono/libSystem.dylib.dll
Fallback handler could not load library C:/Users/Siew Jun Leong/Desktop/mj-fyp/mj/MJ_Data/Mono/libSystem.dylib
Fallback handler could not load library C:/Users/Siew Jun Leong/Desktop/mj-fyp/mj/MJ_Data/Mono/libcoreclr.so
Fallback handler could not load library C:/Users/Siew Jun Leong/Desktop/mj-fyp/mj/MJ_Data/Mono/libcoreclr.so.dll
Fallback handler could not load library C:/Users/Siew Jun Leong/Desktop/mj-fyp/mj/MJ_Data/Mono/libcoreclr.so
Fallback handler could not load library C:/Users/Siew Jun Leong/Desktop/mj-fyp/mj/MJ_Data/Mono/libdl.so
Fallback handler could not load library C:/Users/Siew Jun Leong/Desktop/mj-fyp/mj/MJ_Data/Mono/libdl.so.dll
Fallback handler could not load library C:/Users/Siew Jun Leong/Desktop/mj-fyp/mj/MJ_Data/Mono/libdl.so
Fallback handler could not load library C:/Users/Siew Jun Leong/Desktop/mj-fyp/mj/MJ_Data/Mono/libSystem.dylib
Fallback handler could not load library C:/Users/Siew Jun Leong/Desktop/mj-fyp/mj/MJ_Data/Mono/libSystem.dylib.dll
Fallback handler could not load library C:/Users/Siew Jun Leong/Desktop/mj-fyp/mj/MJ_Data/Mono/libSystem.dylib
WARNING: The communication API versions between Unity and python differ at the minor version level. Python API: 1.3.0, Unity API: 1.0.0 Python Library Version: 0.23.0 .
This means that some features may not work unless you upgrade the package with the lower version.Please find the versions that work best together from our release page.
https://github.com/Unity-Technologies/ml-agents/releases 
(Filename: C:\buildslave\unity\build\Runtime/Export/Debug/Debug.bindings.h Line: 35)

Python package version (0.23.0) is out of the supported range or not from an official release. It is strongly recommended that you use a Python package between 0.16.1 and 0.20.0. Training will proceed, but the output format may be different. 
(Filename: C:\buildslave\unity\build\Runtime/Export/Debug/Debug.bindings.h Line: 35)

TILESET: 27, 32, 04, 12, 01, 03, 16, 11, 24, 22, 13, 28, 33, 03, 01, 05, 25, 22, 33, 02, 26, 08, 05, 04, 25, 29, 18, 28, 30, 15, 00, 24, 31, 10, 32, 10, 14, 01, 11, 08, 22, 07, 32, 06, 12, 17, 02, 08, 13, 10, 10, 09, 26, 03, 30, 09, 11, 32, 06, 19, 23, 29, 23, 06, 13, 06, 18, 16, 00, 12, 02, 00, 16, 30, 33, 22, 31, 23, 01, 15, 15, 21, 09, 14, 20, 20, 07, 28, 17, 13, 30, 08, 04, 27, 31, 17, 14, 11, 07, 00, 20, 24, 33, 20, 14, 28, 26, 27, 02, 18, 07, 21, 19, 18, 09, 31, 29, 05, 26, 04, 12, 24, 27, 21, 16, 21, 25, 19, 23, 29, 19, 05, 17, 25, 15, 03 
(Filename: C:\buildslave\unity\build\Runtime/Export/Debug/Debug.bindings.h Line: 35)

DEAL0 
(Filename: C:\buildslave\unity\build\Runtime/Export/Debug/Debug.bindings.h Line: 35)

27 to player 1 container 
(Filename: C:\buildslave\unity\build\Runtime/Export/Debug/Debug.bindings.h Line: 35)

P1Tiles 
(Filename: C:\buildslave\unity\build\Runtime/Export/Debug/Debug.bindings.h Line: 35)

DEAL1 
(Filename: C:\buildslave\unity\build\Runtime/Export/Debug/Debug.bindings.h Line: 35)

32 to player 2 container 
(Filename: C:\buildslave\unity\build\Runtime/Export/Debug/Debug.bindings.h Line: 35)

DEAL2 
(Filename: C:\buildslave\unity\build\Runtime/Export/Debug/Debug.bindings.h Line: 35)

04 to player 3 container 
(Filename: C:\buildslave\unity\build\Runtime/Export/Debug/Debug.bindings.h Line: 35)

DEAL3 
(Filename: C:\buildslave\unity\build\Runtime/Export/Debug/Debug.bindings.h Line: 35)

12 to player 4 container 
(Filename: C:\buildslave\unity\build\Runtime/Export/Debug/Debug.bindings.h Line: 35)

DEAL4 
(Filename: C:\buildslave\unity\build\Runtime/Export/Debug/Debug.bindings.h Line: 35)

01 to player 1 container 
(Filename: C:\buildslave\unity\build\Runtime/Export/Debug/Debug.bindings.h Line: 35)

P1Tiles 
(Filename: C:\buildslave\unity\build\Runtime/Export/Debug/Debug.bindings.h Line: 35)

DEAL5 
(Filename: C:\buildslave\unity\build\Runtime/Export/Debug/Debug.bindings.h Line: 35)

03 to player 2 container 
(Filename: C:\buildslave\unity\build\Runtime/Export/Debug/Debug.bindings.h Line: 35)

DEAL6 
(Filename: C:\buildslave\unity\build\Runtime/Export/Debug/Debug.bindings.h Line: 35)

16 to player 3 container 
(Filename: C:\buildslave\unity\build\Runtime/Export/Debug/Debug.bindings.h Line: 35)

DEAL7 
(Filename: C:\buildslave\unity\build\Runtime/Export/Debug/Debug.bindings.h Line: 35)

11 to player 4 container 
(Filename: C:\buildslave\unity\build\Runtime/Export/Debug/Debug.bindings.h Line: 35)

DEAL8 
(Filename: C:\buildslave\unity\build\Runtime/Export/Debug/Debug.bindings.h Line: 35)

24 to player 1 container 
(Filename: C:\buildslave\unity\build\Runtime/Export/Debug/Debug.bindings.h Line: 35)

P1Tiles 
(Filename: C:\buildslave\unity\build\Runtime/Export/Debug/Debug.bindings.h Line: 35)

DEAL9 
(Filename: C:\buildslave\unity\build\Runtime/Export/Debug/Debug.bindings.h Line: 35)

22 to player 2 container 
(Filename: C:\buildslave\unity\build\Runtime/Export/Debug/Debug.bindings.h Line: 35)

DEAL10 
(Filename: C:\buildslave\unity\build\Runtime/Export/Debug/Debug.bindings.h Line: 35)

13 to player 3 container 
(Filename: C:\buildslave\unity\build\Runtime/Export/Debug/Debug.bindings.h Line: 35)

DEAL11 
(Filename: C:\buildslave\unity\build\Runtime/Export/Debug/Debug.bindings.h Line: 35)

28 to player 4 container 
(Filename: C:\buildslave\unity\build\Runtime/Export/Debug/Debug.bindings.h Line: 35)

DEAL12 
(Filename: C:\buildslave\unity\build\Runtime/Export/Debug/Debug.bindings.h Line: 35)

33 to player 1 container 
(Filename: C:\buildslave\unity\build\Runtime/Export/Debug/Debug.bindings.h Line: 35)

P1Tiles 
(Filename: C:\buildslave\unity\build\Runtime/Export/Debug/Debug.bindings.h Line: 35)

DEAL13 
(Filename: C:\buildslave\unity\build\Runtime/Export/Debug/Debug.bindings.h Line: 35)

03 to player 2 container 
(Filename: C:\buildslave\unity\build\Runtime/Export/Debug/Debug.bindings.h Line: 35)

DEAL14 
(Filename: C:\buildslave\unity\build\Runtime/Export/Debug/Debug.bindings.h Line: 35)

01 to player 3 container 
(Filename: C:\buildslave\unity\build\Runtime/Export/Debug/Debug.bindings.h Line: 35)

DEAL15 
(Filename: C:\buildslave\unity\build\Runtime/Export/Debug/Debug.bindings.h Line: 35)

05 to player 4 container 
(Filename: C:\buildslave\unity\build\Runtime/Export/Debug/Debug.bindings.h Line: 35)

DEAL16 
(Filename: C:\buildslave\unity\build\Runtime/Export/Debug/Debug.bindings.h Line: 35)

25 to player 1 container 
(Filename: C:\buildslave\unity\build\Runtime/Export/Debug/Debug.bindings.h Line: 35)

P1Tiles 
(Filename: C:\buildslave\unity\build\Runtime/Export/Debug/Debug.bindings.h Line: 35)

DEAL17 
(Filename: C:\buildslave\unity\build\Runtime/Export/Debug/Debug.bindings.h Line: 35)

22 to player 2 container 
(Filename: C:\buildslave\unity\build\Runtime/Export/Debug/Debug.bindings.h Line: 35)

DEAL18 
(Filename: C:\buildslave\unity\build\Runtime/Export/Debug/Debug.bindings.h Line: 35)

33 to player 3 container 
(Filename: C:\buildslave\unity\build\Runtime/Export/Debug/Debug.bindings.h Line: 35)

DEAL19 
(Filename: C:\buildslave\unity\build\Runtime/Export/Debug/Debug.bindings.h Line: 35)

02 to player 4 container 
(Filename: C:\buildslave\unity\build\Runtime/Export/Debug/Debug.bindings.h Line: 35)

DEAL20 
(Filename: C:\buildslave\unity\build\Runtime/Export/Debug/Debug.bindings.h Line: 35)

26 to player 1 container 
(Filename: C:\buildslave\unity\build\Runtime/Export/Debug/Debug.bindings.h Line: 35)

P1Tiles 
(Filename: C:\buildslave\unity\build\Runtime/Export/Debug/Debug.bindings.h Line: 35)

DEAL21 
(Filename: C:\buildslave\unity\build\Runtime/Export/Debug/Debug.bindings.h Line: 35)

08 to player 2 container 
(Filename: C:\buildslave\unity\build\Runtime/Export/Debug/Debug.bindings.h Line: 35)

DEAL22 
(Filename: C:\buildslave\unity\build\Runtime/Export/Debug/Debug.bindings.h Line: 35)

05 to player 3 container 
(Filename: C:\buildslave\unity\build\Runtime/Export/Debug/Debug.bindings.h Line: 35)

DEAL23 
(Filename: C:\buildslave\unity\build\Runtime/Export/Debug/Debug.bindings.h Line: 35)

04 to player 4 container 
(Filename: C:\buildslave\unity\build\Runtime/Export/Debug/Debug.bindings.h Line: 35)

DEAL24 
(Filename: C:\buildslave\unity\build\Runtime/Export/Debug/Debug.bindings.h Line: 35)

25 to player 1 container 
(Filename: C:\buildslave\unity\build\Runtime/Export/Debug/Debug.bindings.h Line: 35)

P1Tiles 
(Filename: C:\buildslave\unity\build\Runtime/Export/Debug/Debug.bindings.h Line: 35)

DEAL25 
(Filename: C:\buildslave\unity\build\Runtime/Export/Debug/Debug.bindings.h Line: 35)

29 to player 2 container 
(Filename: C:\buildslave\unity\build\Runtime/Export/Debug/Debug.bindings.h Line: 35)

DEAL26 
(Filename: C:\buildslave\unity\build\Runtime/Export/Debug/Debug.bindings.h Line: 35)

18 to player 3 container 
(Filename: C:\buildslave\unity\build\Runtime/Export/Debug/Debug.bindings.h Line: 35)

DEAL27 
(Filename: C:\buildslave\unity\build\Runtime/Export/Debug/Debug.bindings.h Line: 35)

28 to player 4 container 
(Filename: C:\buildslave\unity\build\Runtime/Export/Debug/Debug.bindings.h Line: 35)

DEAL28 
(Filename: C:\buildslave\unity\build\Runtime/Export/Debug/Debug.bindings.h Line: 35)

30 to player 1 container 
(Filename: C:\buildslave\unity\build\Runtime/Export/Debug/Debug.bindings.h Line: 35)

P1Tiles 
(Filename: C:\buildslave\unity\build\Runtime/Export/Debug/Debug.bindings.h Line: 35)

DEAL29 
(Filename: C:\buildslave\unity\build\Runtime/Export/Debug/Debug.bindings.h Line: 35)

15 to player 2 container 
(Filename: C:\buildslave\unity\build\Runtime/Export/Debug/Debug.bindings.h Line: 35)

DEAL30 
(Filename: C:\buildslave\unity\build\Runtime/Export/Debug/Debug.bindings.h Line: 35)

00 to player 3 container 
(Filename: C:\buildslave\unity\build\Runtime/Export/Debug/Debug.bindings.h Line: 35)

DEAL31 
(Filename: C:\buildslave\unity\build\Runtime/Export/Debug/Debug.bindings.h Line: 35)

24 to player 4 container 
(Filename: C:\buildslave\unity\build\Runtime/Export/Debug/Debug.bindings.h Line: 35)

DEAL32 
(Filename: C:\buildslave\unity\build\Runtime/Export/Debug/Debug.bindings.h Line: 35)

31 to player 1 container 
(Filename: C:\buildslave\unity\build\Runtime/Export/Debug/Debug.bindings.h Line: 35)

P1Tiles 
(Filename: C:\buildslave\unity\build\Runtime/Export/Debug/Debug.bindings.h Line: 35)

DEAL33 
(Filename: C:\buildslave\unity\build\Runtime/Export/Debug/Debug.bindings.h Line: 35)

10 to player 2 container 
(Filename: C:\buildslave\unity\build\Runtime/Export/Debug/Debug.bindings.h Line: 35)

DEAL34 
(Filename: C:\buildslave\unity\build\Runtime/Export/Debug/Debug.bindings.h Line: 35)

32 to player 3 container 
(Filename: C:\buildslave\unity\build\Runtime/Export/Debug/Debug.bindings.h Line: 35)

DEAL35 
(Filename: C:\buildslave\unity\build\Runtime/Export/Debug/Debug.bindings.h Line: 35)

10 to player 4 container 
(Filename: C:\buildslave\unity\build\Runtime/Export/Debug/Debug.bindings.h Line: 35)

DEAL36 
(Filename: C:\buildslave\unity\build\Runtime/Export/Debug/Debug.bindings.h Line: 35)

14 to player 1 container 
(Filename: C:\buildslave\unity\build\Runtime/Export/Debug/Debug.bindings.h Line: 35)

P1Tiles 
(Filename: C:\buildslave\unity\build\Runtime/Export/Debug/Debug.bindings.h Line: 35)

DEAL37 
(Filename: C:\buildslave\unity\build\Runtime/Export/Debug/Debug.bindings.h Line: 35)

01 to player 2 container 
(Filename: C:\buildslave\unity\build\Runtime/Export/Debug/Debug.bindings.h Line: 35)

DEAL38 
(Filename: C:\buildslave\unity\build\Runtime/Export/Debug/Debug.bindings.h Line: 35)

11 to player 3 container 
(Filename: C:\buildslave\unity\build\Runtime/Export/Debug/Debug.bindings.h Line: 35)

DEAL39 
(Filename: C:\buildslave\unity\build\Runtime/Export/Debug/Debug.bindings.h Line: 35)

08 to player 4 container 
(Filename: C:\buildslave\unity\build\Runtime/Export/Debug/Debug.bindings.h Line: 35)

DEAL40 
(Filename: C:\buildslave\unity\build\Runtime/Export/Debug/Debug.bindings.h Line: 35)

22 to player 1 container 
(Filename: C:\buildslave\unity\build\Runtime/Export/Debug/Debug.bindings.h Line: 35)

P1Tiles 
(Filename: C:\buildslave\unity\build\Runtime/Export/Debug/Debug.bindings.h Line: 35)

DEAL41 
(Filename: C:\buildslave\unity\build\Runtime/Export/Debug/Debug.bindings.h Line: 35)

07 to player 2 container 
(Filename: C:\buildslave\unity\build\Runtime/Export/Debug/Debug.bindings.h Line: 35)

DEAL42 
(Filename: C:\buildslave\unity\build\Runtime/Export/Debug/Debug.bindings.h Line: 35)

32 to player 3 container 
(Filename: C:\buildslave\unity\build\Runtime/Export/Debug/Debug.bindings.h Line: 35)

DEAL43 
(Filename: C:\buildslave\unity\build\Runtime/Export/Debug/Debug.bindings.h Line: 35)

06 to player 4 container 
(Filename: C:\buildslave\unity\build\Runtime/Export/Debug/Debug.bindings.h Line: 35)

DEAL44 
(Filename: C:\buildslave\unity\build\Runtime/Export/Debug/Debug.bindings.h Line: 35)

12 to player 1 container 
(Filename: C:\buildslave\unity\build\Runtime/Export/Debug/Debug.bindings.h Line: 35)

P1Tiles 
(Filename: C:\buildslave\unity\build\Runtime/Export/Debug/Debug.bindings.h Line: 35)

DEAL45 
(Filename: C:\buildslave\unity\build\Runtime/Export/Debug/Debug.bindings.h Line: 35)

17 to player 2 container 
(Filename: C:\buildslave\unity\build\Runtime/Export/Debug/Debug.bindings.h Line: 35)

DEAL46 
(Filename: C:\buildslave\unity\build\Runtime/Export/Debug/Debug.bindings.h Line: 35)

02 to player 3 container 
(Filename: C:\buildslave\unity\build\Runtime/Export/Debug/Debug.bindings.h Line: 35)

DEAL47 
(Filename: C:\buildslave\unity\build\Runtime/Export/Debug/Debug.bindings.h Line: 35)

08 to player 4 container 
(Filename: C:\buildslave\unity\build\Runtime/Export/Debug/Debug.bindings.h Line: 35)

DEAL48 
(Filename: C:\buildslave\unity\build\Runtime/Export/Debug/Debug.bindings.h Line: 35)

13 to player 1 container 
(Filename: C:\buildslave\unity\build\Runtime/Export/Debug/Debug.bindings.h Line: 35)

P1Tiles 
(Filename: C:\buildslave\unity\build\Runtime/Export/Debug/Debug.bindings.h Line: 35)

DEAL49 
(Filename: C:\buildslave\unity\build\Runtime/Export/Debug/Debug.bindings.h Line: 35)

10 to player 2 container 
(Filename: C:\buildslave\unity\build\Runtime/Export/Debug/Debug.bindings.h Line: 35)

DEAL50 
(Filename: C:\buildslave\unity\build\Runtime/Export/Debug/Debug.bindings.h Line: 35)

10 to player 3 container 
(Filename: C:\buildslave\unity\build\Runtime/Export/Debug/Debug.bindings.h Line: 35)

DEAL51 
(Filename: C:\buildslave\unity\build\Runtime/Export/Debug/Debug.bindings.h Line: 35)

09 to player 4 container 
(Filename: C:\buildslave\unity\build\Runtime/Export/Debug/Debug.bindings.h Line: 35)

DEAL52 
(Filename: C:\buildslave\unity\build\Runtime/Export/Debug/Debug.bindings.h Line: 35)

26 to player 1 container 
(Filename: C:\buildslave\unity\build\Runtime/Export/Debug/Debug.bindings.h Line: 35)

P1Tiles 
(Filename: C:\buildslave\unity\build\Runtime/Export/Debug/Debug.bindings.h Line: 35)

REARRANGE FOR P1 
(Filename: C:\buildslave\unity\build\Runtime/Export/Debug/Debug.bindings.h Line: 35)

REARRANGE FOR P2 
(Filename: C:\buildslave\unity\build\Runtime/Export/Debug/Debug.bindings.h Line: 35)

REARRANGE FOR P3 
(Filename: C:\buildslave\unity\build\Runtime/Export/Debug/Debug.bindings.h Line: 35)

REARRANGE FOR P4 
(Filename: C:\buildslave\unity\build\Runtime/Export/Debug/Debug.bindings.h Line: 35)

TILESET COUNT: 136 
(Filename: C:\buildslave\unity\build\Runtime/Export/Debug/Debug.bindings.h Line: 35)

Setting up 6 worker threads for Enlighten.
  Thread -> id: ade8 -> priority: 1 
  Thread -> id: b214 -> priority: 1 
  Thread -> id: 3c40 -> priority: 1 
  Thread -> id: 9b84 -> priority: 1 
  Thread -> id: 7390 -> priority: 1 
  Thread -> id: 91c0 -> priority: 1 
